<?xml version="1.0" encoding="UTF-8" ?>
<testsuite failures="0" time="0.046" errors="0" skipped="0" tests="10" name="org.valgrind.forhudson.util.ValgrindVersionTest">
  <properties>
[...]
</properties>
  <testcase time="0.002" classname="org.valgrind.forhudson.util.ValgrindVersionTest" name="empty"/>
  <testcase time="0" classname="org.valgrind.forhudson.util.ValgrindVersionTest" name="version_only"/>
  <testcase time="0" classname="org.valgrind.forhudson.util.ValgrindVersionTest" name="name_and_version"/>
  <testcase time="0" classname="org.valgrind.forhudson.util.ValgrindVersionTest" name="name_and_version2"/>
  <testcase time="0" classname="org.valgrind.forhudson.util.ValgrindVersionTest" name="name_and_version3"/>
  <testcase time="0" classname="org.valgrind.forhudson.util.ValgrindVersionTest" name="name_and_version4"/>
  <testcase time="0" classname="org.valgrind.forhudson.util.ValgrindVersionTest" name="name_and_incomplete"/>
  <testcase time="0" classname="org.valgrind.forhudson.util.ValgrindVersionTest" name="incomplete_only"/>
  <testcase time="0" classname="org.valgrind.forhudson.util.ValgrindVersionTest" name="nullString"/>
  <testcase time="0" classname="org.valgrind.forhudson.util.ValgrindVersionTest" name="isGreaterOrEqual"/>
</testsuite>